21/02/2019 04:49:27 (Std) 	+-+-+-+-+-+-+-+-+-+-+-+-+-+-+-+-+-+-+-+-+-+-+-+-+-+-+-+-+-+-+-+-+-+-+-+-+-+-+-+
21/02/2019 04:49:27 (Std) 	+                     Crazy Eddie's GUI System - Event log                    +
21/02/2019 04:49:27 (Std) 	+                          (http://www.cegui.org.uk/)                         +
21/02/2019 04:49:27 (Std) 	+-+-+-+-+-+-+-+-+-+-+-+-+-+-+-+-+-+-+-+-+-+-+-+-+-+-+-+-+-+-+-+-+-+-+-+-+-+-+-+

21/02/2019 04:49:27 (Std) 	CEGUI::Logger singleton created. (05C68518)
21/02/2019 04:49:27 (Std) 	
21/02/2019 04:49:27 (Std) 	********************************************************************************
21/02/2019 04:49:27 (Std) 	* Important:                                                                   *
21/02/2019 04:49:27 (Std) 	*     To get support at the CEGUI forums, you must post _at least_ the section *
21/02/2019 04:49:27 (Std) 	*     of this log file indicated below.  Failure to do this will result in no  *
21/02/2019 04:49:27 (Std) 	*     support being given; please do not waste our time.                       *
21/02/2019 04:49:27 (Std) 	********************************************************************************
21/02/2019 04:49:27 (Std) 	********************************************************************************
21/02/2019 04:49:27 (Std) 	* -------- START OF ESSENTIAL SECTION TO BE POSTED ON THE FORUM       -------- *
21/02/2019 04:49:27 (Std) 	********************************************************************************
21/02/2019 04:49:27 (Std) 	---- Version: 0.8.4 (Build: Jul  9 2015 Microsoft Windows MSVC++ 11.0 32 bit) ----
21/02/2019 04:49:27 (Std) 	---- Renderer module is: CEGUI::OpenGL3Renderer - Official OpenGL 3.2 core based renderer module.  TextureTarget support enabled via FBO OGL 3.2 core implementation. ----
21/02/2019 04:49:27 (Std) 	---- XML Parser module is: CEGUI::ExpatParser - Official expat based parser module for CEGUI ----
21/02/2019 04:49:27 (Std) 	---- Image Codec module is: SILLYImageCodec - Official SILLY based image codec ----
21/02/2019 04:49:27 (Std) 	---- Scripting module is: None ----
21/02/2019 04:49:27 (Std) 	********************************************************************************
21/02/2019 04:49:27 (Std) 	* -------- END OF ESSENTIAL SECTION TO BE POSTED ON THE FORUM         -------- *
21/02/2019 04:49:27 (Std) 	********************************************************************************
21/02/2019 04:49:27 (Std) 	
21/02/2019 04:49:27 (Std) 	---- Begining CEGUI System initialisation ----
21/02/2019 04:49:27 (Std) 	[CEGUI::ImageManager] Singleton created (059D1F08)
21/02/2019 04:49:27 (Std) 	[CEGUI::ImageManager] Registered Image type: BasicImage
21/02/2019 04:49:27 (Std) 	CEGUI::FontManager singleton created. (05C5ACA0)
21/02/2019 04:49:27 (Std) 	CEGUI::WindowFactoryManager singleton created
21/02/2019 04:49:27 (Std) 	CEGUI::WindowManager singleton created (05C5B488)
21/02/2019 04:49:27 (Std) 	CEGUI::SchemeManager singleton created. (05C5B5A0)
21/02/2019 04:49:27 (Std) 	CEGUI::GlobalEventSet singleton created. (0595A6C8)
21/02/2019 04:49:27 (Std) 	CEGUI::AnimationManager singleton created (0594BD20)
21/02/2019 04:49:27 (Std) 	CEGUI::WidgetLookManager singleton created. (0594C530)
21/02/2019 04:49:27 (Std) 	CEGUI::WindowRendererManager singleton created (05BF2A00)
21/02/2019 04:49:27 (Std) 	CEGUI::RenderEffectManager singleton created (05C5B6A0)
21/02/2019 04:49:27 (Std) 	Created WindowFactory for 'DefaultWindow' windows.
21/02/2019 04:49:27 (Std) 	WindowFactory for 'DefaultWindow' windows added. (05BF3DE8)
21/02/2019 04:49:27 (Std) 	Created WindowFactory for 'DragContainer' windows.
21/02/2019 04:49:27 (Std) 	WindowFactory for 'DragContainer' windows added. (05BF3F88)
21/02/2019 04:49:27 (Std) 	Created WindowFactory for 'ScrolledContainer' windows.
21/02/2019 04:49:27 (Std) 	WindowFactory for 'ScrolledContainer' windows added. (05BF4128)
21/02/2019 04:49:27 (Std) 	Created WindowFactory for 'ClippedContainer' windows.
21/02/2019 04:49:27 (Std) 	WindowFactory for 'ClippedContainer' windows added. (05BF42D0)
21/02/2019 04:49:27 (Std) 	Created WindowFactory for 'CEGUI/PushButton' windows.
21/02/2019 04:49:27 (Std) 	WindowFactory for 'CEGUI/PushButton' windows added. (05BF4450)
21/02/2019 04:49:27 (Std) 	Created WindowFactory for 'CEGUI/RadioButton' windows.
21/02/2019 04:49:27 (Std) 	WindowFactory for 'CEGUI/RadioButton' windows added. (0594A778)
21/02/2019 04:49:27 (Std) 	Created WindowFactory for 'CEGUI/Combobox' windows.
21/02/2019 04:49:27 (Std) 	WindowFactory for 'CEGUI/Combobox' windows added. (0594A8F8)
21/02/2019 04:49:27 (Std) 	Created WindowFactory for 'CEGUI/ComboDropList' windows.
21/02/2019 04:49:27 (Std) 	WindowFactory for 'CEGUI/ComboDropList' windows added. (0594AA78)
21/02/2019 04:49:27 (Std) 	Created WindowFactory for 'CEGUI/Editbox' windows.
21/02/2019 04:49:27 (Std) 	WindowFactory for 'CEGUI/Editbox' windows added. (0594AC70)
21/02/2019 04:49:27 (Std) 	Created WindowFactory for 'CEGUI/FrameWindow' windows.
21/02/2019 04:49:27 (Std) 	WindowFactory for 'CEGUI/FrameWindow' windows added. (0594ADF0)
21/02/2019 04:49:27 (Std) 	Created WindowFactory for 'CEGUI/ItemEntry' windows.
21/02/2019 04:49:27 (Std) 	WindowFactory for 'CEGUI/ItemEntry' windows added. (0594AF70)
21/02/2019 04:49:27 (Std) 	Created WindowFactory for 'CEGUI/Listbox' windows.
21/02/2019 04:49:27 (Std) 	WindowFactory for 'CEGUI/Listbox' windows added. (0594B0F0)
21/02/2019 04:49:27 (Std) 	Created WindowFactory for 'CEGUI/ListHeader' windows.
21/02/2019 04:49:27 (Std) 	WindowFactory for 'CEGUI/ListHeader' windows added. (0594B270)
21/02/2019 04:49:27 (Std) 	Created WindowFactory for 'CEGUI/ListHeaderSegment' windows.
21/02/2019 04:49:27 (Std) 	WindowFactory for 'CEGUI/ListHeaderSegment' windows added. (0594B3F0)
21/02/2019 04:49:27 (Std) 	Created WindowFactory for 'CEGUI/Menubar' windows.
21/02/2019 04:49:27 (Std) 	WindowFactory for 'CEGUI/Menubar' windows added. (05A24FE8)
21/02/2019 04:49:27 (Std) 	Created WindowFactory for 'CEGUI/PopupMenu' windows.
21/02/2019 04:49:27 (Std) 	WindowFactory for 'CEGUI/PopupMenu' windows added. (05A25168)
21/02/2019 04:49:27 (Std) 	Created WindowFactory for 'CEGUI/MenuItem' windows.
21/02/2019 04:49:27 (Std) 	WindowFactory for 'CEGUI/MenuItem' windows added. (05A252E8)
21/02/2019 04:49:27 (Std) 	Created WindowFactory for 'CEGUI/MultiColumnList' windows.
21/02/2019 04:49:27 (Std) 	WindowFactory for 'CEGUI/MultiColumnList' windows added. (05A25468)
21/02/2019 04:49:27 (Std) 	Created WindowFactory for 'CEGUI/MultiLineEditbox' windows.
21/02/2019 04:49:27 (Std) 	WindowFactory for 'CEGUI/MultiLineEditbox' windows added. (05A255E8)
21/02/2019 04:49:27 (Std) 	Created WindowFactory for 'CEGUI/ProgressBar' windows.
21/02/2019 04:49:27 (Std) 	WindowFactory for 'CEGUI/ProgressBar' windows added. (05A25768)
21/02/2019 04:49:27 (Std) 	Created WindowFactory for 'CEGUI/ScrollablePane' windows.
21/02/2019 04:49:27 (Std) 	WindowFactory for 'CEGUI/ScrollablePane' windows added. (05A25970)
21/02/2019 04:49:27 (Std) 	Created WindowFactory for 'CEGUI/Scrollbar' windows.
21/02/2019 04:49:27 (Std) 	WindowFactory for 'CEGUI/Scrollbar' windows added. (05A25AF0)
21/02/2019 04:49:27 (Std) 	Created WindowFactory for 'CEGUI/Slider' windows.
21/02/2019 04:49:27 (Std) 	WindowFactory for 'CEGUI/Slider' windows added. (05A25C70)
21/02/2019 04:49:27 (Std) 	Created WindowFactory for 'CEGUI/Spinner' windows.
21/02/2019 04:49:27 (Std) 	WindowFactory for 'CEGUI/Spinner' windows added. (05A25DF0)
21/02/2019 04:49:27 (Std) 	Created WindowFactory for 'CEGUI/TabButton' windows.
21/02/2019 04:49:27 (Std) 	WindowFactory for 'CEGUI/TabButton' windows added. (05A25F70)
21/02/2019 04:49:27 (Std) 	Created WindowFactory for 'CEGUI/TabControl' windows.
21/02/2019 04:49:27 (Std) 	WindowFactory for 'CEGUI/TabControl' windows added. (05A260F0)
21/02/2019 04:49:27 (Std) 	Created WindowFactory for 'CEGUI/Thumb' windows.
21/02/2019 04:49:27 (Std) 	WindowFactory for 'CEGUI/Thumb' windows added. (05A26270)
21/02/2019 04:49:27 (Std) 	Created WindowFactory for 'CEGUI/Titlebar' windows.
21/02/2019 04:49:27 (Std) 	WindowFactory for 'CEGUI/Titlebar' windows added. (05A263F0)
21/02/2019 04:49:27 (Std) 	Created WindowFactory for 'CEGUI/ToggleButton' windows.
21/02/2019 04:49:27 (Std) 	WindowFactory for 'CEGUI/ToggleButton' windows added. (05A26570)
21/02/2019 04:49:27 (Std) 	Created WindowFactory for 'CEGUI/Tooltip' windows.
21/02/2019 04:49:27 (Std) 	WindowFactory for 'CEGUI/Tooltip' windows added. (05A267B0)
21/02/2019 04:49:27 (Std) 	Created WindowFactory for 'CEGUI/ItemListbox' windows.
21/02/2019 04:49:27 (Std) 	WindowFactory for 'CEGUI/ItemListbox' windows added. (05A26930)
21/02/2019 04:49:27 (Std) 	Created WindowFactory for 'CEGUI/GroupBox' windows.
21/02/2019 04:49:27 (Std) 	WindowFactory for 'CEGUI/GroupBox' windows added. (05A26AB0)
21/02/2019 04:49:27 (Std) 	Created WindowFactory for 'CEGUI/Tree' windows.
21/02/2019 04:49:27 (Std) 	WindowFactory for 'CEGUI/Tree' windows added. (05A724C8)
21/02/2019 04:49:27 (Std) 	Created WindowFactory for 'LayoutCell' windows.
21/02/2019 04:49:27 (Std) 	WindowFactory for 'LayoutCell' windows added. (05A72648)
21/02/2019 04:49:27 (Std) 	Created WindowFactory for 'HorizontalLayoutContainer' windows.
21/02/2019 04:49:27 (Std) 	WindowFactory for 'HorizontalLayoutContainer' windows added. (05A727C8)
21/02/2019 04:49:27 (Std) 	Created WindowFactory for 'VerticalLayoutContainer' windows.
21/02/2019 04:49:27 (Std) 	WindowFactory for 'VerticalLayoutContainer' windows added. (05A72948)
21/02/2019 04:49:27 (Std) 	Created WindowFactory for 'GridLayoutContainer' windows.
21/02/2019 04:49:27 (Std) 	WindowFactory for 'GridLayoutContainer' windows added. (05A72AC8)
21/02/2019 04:49:27 (Std) 	CEGUI::System singleton created. (058AD670)
21/02/2019 04:49:27 (Std) 	---- CEGUI System initialisation completed ----
21/02/2019 04:49:27 (Std) 	
21/02/2019 04:49:28 (Std) 	Started creation of Scheme from XML specification:
21/02/2019 04:49:28 (Std) 	---- CEGUI GUIScheme name: TaharezLook
21/02/2019 04:49:28 (Std) 	[ImageManager] Started creation of Imageset from XML specification:
21/02/2019 04:49:28 (Std) 	[ImageManager] ---- CEGUI Imageset name: TaharezLook
21/02/2019 04:49:28 (Std) 	[ImageManager] ---- Source texture file: TaharezLook.png
21/02/2019 04:49:28 (Std) 	[ImageManager] ---- Source texture resource group: (Default)
21/02/2019 04:49:28 (Std) 	[OpenGLRenderer] Created texture: TaharezLook
21/02/2019 04:49:28 (Std) 	[ImageManager] Created image: 'TaharezLook/ClientBrush' (05AA3D30) of type: BasicImage
21/02/2019 04:49:28 (Std) 	[ImageManager] Created image: 'TaharezLook/GenericBrush' (05AA3A80) of type: BasicImage
21/02/2019 04:49:28 (Std) 	[ImageManager] Created image: 'TaharezLook/WindowLeftEdge' (05AA4708) of type: BasicImage
21/02/2019 04:49:28 (Std) 	[ImageManager] Created image: 'TaharezLook/WindowRightEdge' (05AA33C8) of type: BasicImage
21/02/2019 04:49:28 (Std) 	[ImageManager] Created image: 'TaharezLook/WindowTopEdge' (05AA3590) of type: BasicImage
21/02/2019 04:49:28 (Std) 	[ImageManager] Created image: 'TaharezLook/WindowBottomEdge' (05AA3EF8) of type: BasicImage
21/02/2019 04:49:28 (Std) 	[ImageManager] Created image: 'TaharezLook/WindowTopLeft' (05AA3948) of type: BasicImage
21/02/2019 04:49:28 (Std) 	[ImageManager] Created image: 'TaharezLook/WindowTopRight' (05AA4B80) of type: BasicImage
21/02/2019 04:49:28 (Std) 	[ImageManager] Created image: 'TaharezLook/WindowBottomLeft' (05AA4D48) of type: BasicImage
21/02/2019 04:49:28 (Std) 	[ImageManager] Created image: 'TaharezLook/WindowBottomRight' (05A8C9E8) of type: BasicImage
21/02/2019 04:49:28 (Std) 	[ImageManager] Created image: 'TaharezLook/ButtonLeftNormal' (05A8CBB0) of type: BasicImage
21/02/2019 04:49:28 (Std) 	[ImageManager] Created image: 'TaharezLook/ButtonMiddleNormal' (05A8CD78) of type: BasicImage
21/02/2019 04:49:28 (Std) 	[ImageManager] Created image: 'TaharezLook/ButtonRightNormal' (05A8CF40) of type: BasicImage
21/02/2019 04:49:28 (Std) 	[ImageManager] Created image: 'TaharezLook/ButtonLeftPushed' (05A8D108) of type: BasicImage
21/02/2019 04:49:28 (Std) 	[ImageManager] Created image: 'TaharezLook/ButtonMiddlePushed' (05A8D2D0) of type: BasicImage
21/02/2019 04:49:28 (Std) 	[ImageManager] Created image: 'TaharezLook/ButtonRightPushed' (05A8D498) of type: BasicImage
21/02/2019 04:49:28 (Std) 	[ImageManager] Created image: 'TaharezLook/ButtonLeftHighlight' (05A8D660) of type: BasicImage
21/02/2019 04:49:28 (Std) 	[ImageManager] Created image: 'TaharezLook/ButtonMiddleHighlight' (05A8D828) of type: BasicImage
21/02/2019 04:49:28 (Std) 	[ImageManager] Created image: 'TaharezLook/ButtonRightHighlight' (05A8DBD0) of type: BasicImage
21/02/2019 04:49:28 (Std) 	[ImageManager] Created image: 'TaharezLook/CheckboxNormal' (05A8DF00) of type: BasicImage
21/02/2019 04:49:28 (Std) 	[ImageManager] Created image: 'TaharezLook/CheckboxHover' (05A8E0C8) of type: BasicImage
21/02/2019 04:49:28 (Std) 	[ImageManager] Created image: 'TaharezLook/CheckboxMark' (05A8E1C8) of type: BasicImage
21/02/2019 04:49:28 (Std) 	[ImageManager] Created image: 'TaharezLook/RadioButtonNormal' (05A8E390) of type: BasicImage
21/02/2019 04:49:28 (Std) 	[ImageManager] Created image: 'TaharezLook/RadioButtonHover' (05A8E558) of type: BasicImage
21/02/2019 04:49:28 (Std) 	[ImageManager] Created image: 'TaharezLook/RadioButtonMark' (05A8E720) of type: BasicImage
21/02/2019 04:49:28 (Std) 	[ImageManager] Created image: 'TaharezLook/TitlebarLeft' (05A8E8E8) of type: BasicImage
21/02/2019 04:49:28 (Std) 	[ImageManager] Created image: 'TaharezLook/TitlebarMiddle' (05A8EAB0) of type: BasicImage
21/02/2019 04:49:28 (Std) 	[ImageManager] Created image: 'TaharezLook/TitlebarRight' (05A8EC78) of type: BasicImage
21/02/2019 04:49:28 (Std) 	[ImageManager] Created image: 'TaharezLook/NewTitlebarLeft' (05A8EE40) of type: BasicImage
21/02/2019 04:49:28 (Std) 	[ImageManager] Created image: 'TaharezLook/NewTitlebarMiddle' (05A8F008) of type: BasicImage
21/02/2019 04:49:28 (Std) 	[ImageManager] Created image: 'TaharezLook/NewTitlebarRight' (05A8F1D0) of type: BasicImage
21/02/2019 04:49:28 (Std) 	[ImageManager] Created image: 'TaharezLook/SysAreaMiddle' (05A8F398) of type: BasicImage
21/02/2019 04:49:28 (Std) 	[ImageManager] Created image: 'TaharezLook/SysAreaRight' (05A8F560) of type: BasicImage
21/02/2019 04:49:28 (Std) 	[ImageManager] Created image: 'TaharezLook/StaticLeft' (05A8F728) of type: BasicImage
21/02/2019 04:49:28 (Std) 	[ImageManager] Created image: 'TaharezLook/StaticRight' (05A8F8F0) of type: BasicImage
21/02/2019 04:49:28 (Std) 	[ImageManager] Created image: 'TaharezLook/StaticTop' (05A8FAB8) of type: BasicImage
21/02/2019 04:49:28 (Std) 	[ImageManager] Created image: 'TaharezLook/StaticBottom' (05A8FC80) of type: BasicImage
21/02/2019 04:49:28 (Std) 	[ImageManager] Created image: 'TaharezLook/StaticTopLeft' (05A8FE48) of type: BasicImage
21/02/2019 04:49:28 (Std) 	[ImageManager] Created image: 'TaharezLook/StaticTopRight' (05A90010) of type: BasicImage
21/02/2019 04:49:28 (Std) 	[ImageManager] Created image: 'TaharezLook/StaticBottomLeft' (05A901D8) of type: BasicImage
21/02/2019 04:49:28 (Std) 	[ImageManager] Created image: 'TaharezLook/StaticBottomRight' (05A903A0) of type: BasicImage
21/02/2019 04:49:28 (Std) 	[ImageManager] Created image: 'TaharezLook/StaticBackdrop' (05A90568) of type: BasicImage
21/02/2019 04:49:28 (Std) 	[ImageManager] Created image: 'TaharezLook/ProgressBarLeft' (05A90730) of type: BasicImage
21/02/2019 04:49:28 (Std) 	[ImageManager] Created image: 'TaharezLook/ProgressBarMiddle' (05A908F8) of type: BasicImage
21/02/2019 04:49:28 (Std) 	[ImageManager] Created image: 'TaharezLook/ProgressBarRight' (05A90AC0) of type: BasicImage
21/02/2019 04:49:28 (Std) 	[ImageManager] Created image: 'TaharezLook/ProgressBarDimSegment' (05A90C88) of type: BasicImage
21/02/2019 04:49:28 (Std) 	[ImageManager] Created image: 'TaharezLook/ProgressBarLitSegment' (05A91030) of type: BasicImage
21/02/2019 04:49:28 (Std) 	[ImageManager] Created image: 'TaharezLook/EditBoxLeft' (05A91360) of type: BasicImage
21/02/2019 04:49:28 (Std) 	[ImageManager] Created image: 'TaharezLook/EditBoxMiddle' (05A91528) of type: BasicImage
21/02/2019 04:49:28 (Std) 	[ImageManager] Created image: 'TaharezLook/EditBoxRight' (05A916F0) of type: BasicImage
21/02/2019 04:49:28 (Std) 	[ImageManager] Created image: 'TaharezLook/EditBoxCaret' (05A918B8) of type: BasicImage
21/02/2019 04:49:28 (Std) 	[ImageManager] Created image: 'TaharezLook/SpinnerUpNormal' (05A91A80) of type: BasicImage
21/02/2019 04:49:28 (Std) 	[ImageManager] Created image: 'TaharezLook/SpinnerDownNormal' (05A91C48) of type: BasicImage
21/02/2019 04:49:28 (Std) 	[ImageManager] Created image: 'TaharezLook/SpinnerUpHover' (05A91E10) of type: BasicImage
21/02/2019 04:49:28 (Std) 	[ImageManager] Created image: 'TaharezLook/SpinnerDownHover' (05A91FD8) of type: BasicImage
21/02/2019 04:49:28 (Std) 	[ImageManager] Created image: 'TaharezLook/TextSelectionBrush' (05A921A0) of type: BasicImage
21/02/2019 04:49:28 (Std) 	[ImageManager] Created image: 'TaharezLook/VertScrollTop' (05A92368) of type: BasicImage
21/02/2019 04:49:28 (Std) 	[ImageManager] Created image: 'TaharezLook/VertScrollMiddle' (05A92530) of type: BasicImage
21/02/2019 04:49:28 (Std) 	[ImageManager] Created image: 'TaharezLook/VertScrollBottom' (05A926F8) of type: BasicImage
21/02/2019 04:49:28 (Std) 	[ImageManager] Created image: 'TaharezLook/VertScrollBarSegment' (05A928C0) of type: BasicImage
21/02/2019 04:49:28 (Std) 	[ImageManager] Created image: 'TaharezLook/VertScrollThumbNormal' (05A92BC8) of type: BasicImage
21/02/2019 04:49:28 (Std) 	[ImageManager] Created image: 'TaharezLook/VertScrollThumbHover' (05A92EF0) of type: BasicImage
21/02/2019 04:49:28 (Std) 	[ImageManager] Created image: 'TaharezLook/VertScrollUpNormal' (05A93220) of type: BasicImage
21/02/2019 04:49:28 (Std) 	[ImageManager] Created image: 'TaharezLook/VertScrollDownNormal' (05A93320) of type: BasicImage
21/02/2019 04:49:28 (Std) 	[ImageManager] Created image: 'TaharezLook/VertScrollUpHover' (05A936C8) of type: BasicImage
21/02/2019 04:49:28 (Std) 	[ImageManager] Created image: 'TaharezLook/VertScrollDownHover' (05A93870) of type: BasicImage
21/02/2019 04:49:28 (Std) 	[ImageManager] Created image: 'TaharezLook/MiniVertScrollBarSegment' (05A93CE8) of type: BasicImage
21/02/2019 04:49:28 (Std) 	[ImageManager] Created image: 'TaharezLook/MiniVertScrollThumbNormal' (05A8BAA8) of type: BasicImage
21/02/2019 04:49:28 (Std) 	[ImageManager] Created image: 'TaharezLook/MiniVertScrollThumbTopNormal' (05A94598) of type: BasicImage
21/02/2019 04:49:28 (Std) 	[ImageManager] Created image: 'TaharezLook/MiniVertScrollThumbMiddleNormal' (05A8B968) of type: BasicImage
21/02/2019 04:49:28 (Std) 	[ImageManager] Created image: 'TaharezLook/MiniVertScrollThumbBottomNormal' (05AA42A8) of type: BasicImage
21/02/2019 04:49:28 (Std) 	[ImageManager] Created image: 'TaharezLook/MiniVertScrollThumbTopHover' (05A94FE0) of type: BasicImage
21/02/2019 04:49:28 (Std) 	[ImageManager] Created image: 'TaharezLook/MiniVertScrollThumbMiddleHover' (05A95260) of type: BasicImage
21/02/2019 04:49:28 (Std) 	[ImageManager] Created image: 'TaharezLook/MiniVertScrollThumbBottomHover' (05A95680) of type: BasicImage
21/02/2019 04:49:28 (Std) 	[ImageManager] Created image: 'TaharezLook/MiniVertScrollThumbHover' (05AA5210) of type: BasicImage
21/02/2019 04:49:28 (Std) 	[ImageManager] Created image: 'TaharezLook/MiniVertScrollUpNormal' (05AA5310) of type: BasicImage
21/02/2019 04:49:28 (Std) 	[ImageManager] Created image: 'TaharezLook/MiniVertScrollDownNormal' (05AA5580) of type: BasicImage
21/02/2019 04:49:28 (Std) 	[ImageManager] Created image: 'TaharezLook/MiniVertScrollUpHover' (05AA5958) of type: BasicImage
21/02/2019 04:49:28 (Std) 	[ImageManager] Created image: 'TaharezLook/MiniVertScrollDownHover' (05AA5A58) of type: BasicImage
21/02/2019 04:49:28 (Std) 	[ImageManager] Created image: 'TaharezLook/VertSliderBody' (05AA5E18) of type: BasicImage
21/02/2019 04:49:28 (Std) 	[ImageManager] Created image: 'TaharezLook/VertSliderThumbNormal' (05AA5FE0) of type: BasicImage
21/02/2019 04:49:28 (Std) 	[ImageManager] Created image: 'TaharezLook/VertSliderThumbHover' (05AA61A8) of type: BasicImage
21/02/2019 04:49:28 (Std) 	[ImageManager] Created image: 'TaharezLook/MiniHorzScrollBarSegment' (05AA6698) of type: BasicImage
21/02/2019 04:49:28 (Std) 	[ImageManager] Created image: 'TaharezLook/MiniHorzScrollThumbNormal' (05AA4150) of type: BasicImage
21/02/2019 04:49:28 (Std) 	[ImageManager] Created image: 'TaharezLook/MiniHorzScrollThumbLeftNormal' (05AA6EA0) of type: BasicImage
21/02/2019 04:49:28 (Std) 	[ImageManager] Created image: 'TaharezLook/MiniHorzScrollThumbMiddleNormal' (05AA72A8) of type: BasicImage
21/02/2019 04:49:28 (Std) 	[ImageManager] Created image: 'TaharezLook/MiniHorzScrollThumbRightNormal' (05A94440) of type: BasicImage
21/02/2019 04:49:28 (Std) 	[ImageManager] Created image: 'TaharezLook/MiniHorzScrollThumbHover' (05AA79E8) of type: BasicImage
21/02/2019 04:49:28 (Std) 	[ImageManager] Created image: 'TaharezLook/MiniHorzScrollThumbLeftHover' (05AA7C40) of type: BasicImage
21/02/2019 04:49:28 (Std) 	[ImageManager] Created image: 'TaharezLook/MiniHorzScrollThumbMiddleHover' (05AA8048) of type: BasicImage
21/02/2019 04:49:28 (Std) 	[ImageManager] Created image: 'TaharezLook/MiniHorzScrollThumbRightHover' (05A8B528) of type: BasicImage
21/02/2019 04:49:28 (Std) 	[ImageManager] Created image: 'TaharezLook/MiniHorzScrollLeftNormal' (05AA86B0) of type: BasicImage
21/02/2019 04:49:28 (Std) 	[ImageManager] Created image: 'TaharezLook/MiniHorzScrollRightNormal' (05AA8860) of type: BasicImage
21/02/2019 04:49:28 (Std) 	[ImageManager] Created image: 'TaharezLook/MiniHorzScrollLeftHover' (05AA8B88) of type: BasicImage
21/02/2019 04:49:28 (Std) 	[ImageManager] Created image: 'TaharezLook/MiniHorzScrollRightHover' (05AA8EA0) of type: BasicImage
21/02/2019 04:49:28 (Std) 	[ImageManager] Created image: 'TaharezLook/ListboxLeft' (05AA9278) of type: BasicImage
21/02/2019 04:49:28 (Std) 	[ImageManager] Created image: 'TaharezLook/ListboxRight' (05AA9440) of type: BasicImage
21/02/2019 04:49:28 (Std) 	[ImageManager] Created image: 'TaharezLook/ListboxTop' (05AA9608) of type: BasicImage
21/02/2019 04:49:28 (Std) 	[ImageManager] Created image: 'TaharezLook/ListboxBottom' (05AA97D0) of type: BasicImage
21/02/2019 04:49:28 (Std) 	[ImageManager] Created image: 'TaharezLook/ListboxTopLeft' (05AA9998) of type: BasicImage
21/02/2019 04:49:28 (Std) 	[ImageManager] Created image: 'TaharezLook/ListboxTopRight' (05AA9B60) of type: BasicImage
21/02/2019 04:49:28 (Std) 	[ImageManager] Created image: 'TaharezLook/ListboxBottomLeft' (05AA9D28) of type: BasicImage
21/02/2019 04:49:28 (Std) 	[ImageManager] Created image: 'TaharezLook/ListboxBottomRight' (05AA9EF0) of type: BasicImage
21/02/2019 04:49:28 (Std) 	[ImageManager] Created image: 'TaharezLook/ListboxBackdrop' (05AAA0B8) of type: BasicImage
21/02/2019 04:49:28 (Std) 	[ImageManager] Created image: 'TaharezLook/ListboxSelectionBrush' (05AAA280) of type: BasicImage
21/02/2019 04:49:28 (Std) 	[ImageManager] Created image: 'TaharezLook/ComboboxEditLeft' (05AAA448) of type: BasicImage
21/02/2019 04:49:28 (Std) 	[ImageManager] Created image: 'TaharezLook/ComboboxEditMiddle' (05AAA610) of type: BasicImage
21/02/2019 04:49:28 (Std) 	[ImageManager] Created image: 'TaharezLook/ComboboxListButtonNormal' (05AAA7D8) of type: BasicImage
21/02/2019 04:49:28 (Std) 	[ImageManager] Created image: 'TaharezLook/ComboboxListButtonHover' (05AAABB0) of type: BasicImage
21/02/2019 04:49:28 (Std) 	[ImageManager] Created image: 'TaharezLook/ComboboxListLeft' (05AAAEC8) of type: BasicImage
21/02/2019 04:49:28 (Std) 	[ImageManager] Created image: 'TaharezLook/ComboboxListRight' (05AAB090) of type: BasicImage
21/02/2019 04:49:28 (Std) 	[ImageManager] Created image: 'TaharezLook/ComboboxListTop' (05AAB258) of type: BasicImage
21/02/2019 04:49:28 (Std) 	[ImageManager] Created image: 'TaharezLook/ComboboxListBottom' (05AAB420) of type: BasicImage
21/02/2019 04:49:28 (Std) 	[ImageManager] Created image: 'TaharezLook/ComboboxListTopLeft' (05AAB5E8) of type: BasicImage
21/02/2019 04:49:28 (Std) 	[ImageManager] Created image: 'TaharezLook/ComboboxListTopRight' (05AAB7B0) of type: BasicImage
21/02/2019 04:49:28 (Std) 	[ImageManager] Created image: 'TaharezLook/ComboboxListBottomLeft' (05AAB978) of type: BasicImage
21/02/2019 04:49:28 (Std) 	[ImageManager] Created image: 'TaharezLook/ComboboxListBottomRight' (05AABDF8) of type: BasicImage
21/02/2019 04:49:28 (Std) 	[ImageManager] Created image: 'TaharezLook/ComboboxListBackdrop' (05AAC110) of type: BasicImage
21/02/2019 04:49:28 (Std) 	[ImageManager] Created image: 'TaharezLook/ComboboxSelectionBrush' (05AAC2D8) of type: BasicImage
21/02/2019 04:49:28 (Std) 	[ImageManager] Created image: 'TaharezLook/ComboboxDividerLeft' (05AAC758) of type: BasicImage
21/02/2019 04:49:28 (Std) 	[ImageManager] Created image: 'TaharezLook/ComboboxDividerMiddle' (05AAC920) of type: BasicImage
21/02/2019 04:49:28 (Std) 	[ImageManager] Created image: 'TaharezLook/ComboboxDividerRight' (05AACAE8) of type: BasicImage
21/02/2019 04:49:28 (Std) 	[ImageManager] Created image: 'TaharezLook/HeaderBarBackdropNormal' (05AACE18) of type: BasicImage
21/02/2019 04:49:28 (Std) 	[ImageManager] Created image: 'TaharezLook/HeaderBarBackdropHover' (05AAD298) of type: BasicImage
21/02/2019 04:49:28 (Std) 	[ImageManager] Created image: 'TaharezLook/HeaderBarSplitterNormal' (05AAD5B0) of type: BasicImage
21/02/2019 04:49:28 (Std) 	[ImageManager] Created image: 'TaharezLook/HeaderBarSplitterHover' (05AAD8C8) of type: BasicImage
21/02/2019 04:49:28 (Std) 	[ImageManager] Created image: 'TaharezLook/HeaderBarSortUp' (05AADBE0) of type: BasicImage
21/02/2019 04:49:28 (Std) 	[ImageManager] Created image: 'TaharezLook/HeaderBarSortDown' (05AADDA8) of type: BasicImage
21/02/2019 04:49:28 (Std) 	[ImageManager] Created image: 'TaharezLook/MultiListLeft' (05AADF70) of type: BasicImage
21/02/2019 04:49:28 (Std) 	[ImageManager] Created image: 'TaharezLook/MultiListRight' (05AAE138) of type: BasicImage
21/02/2019 04:49:28 (Std) 	[ImageManager] Created image: 'TaharezLook/MultiListTop' (05AAE300) of type: BasicImage
21/02/2019 04:49:28 (Std) 	[ImageManager] Created image: 'TaharezLook/MultiListBottom' (05AAE4C8) of type: BasicImage
21/02/2019 04:49:28 (Std) 	[ImageManager] Created image: 'TaharezLook/MultiListTopLeft' (05AAE690) of type: BasicImage
21/02/2019 04:49:28 (Std) 	[ImageManager] Created image: 'TaharezLook/MultiListTopRight' (05AAE858) of type: BasicImage
21/02/2019 04:49:28 (Std) 	[ImageManager] Created image: 'TaharezLook/MultiListBottomLeft' (05AAEA20) of type: BasicImage
21/02/2019 04:49:28 (Std) 	[ImageManager] Created image: 'TaharezLook/MultiListBottomRight' (05AAEBE8) of type: BasicImage
21/02/2019 04:49:28 (Std) 	[ImageManager] Created image: 'TaharezLook/MultiListBackdrop' (05AAEDB0) of type: BasicImage
21/02/2019 04:49:28 (Std) 	[ImageManager] Created image: 'TaharezLook/MultiListSelectionBrush' (05AAF038) of type: BasicImage
21/02/2019 04:49:28 (Std) 	[ImageManager] Created image: 'TaharezLook/AltProgressLeft' (05AAF3F8) of type: BasicImage
21/02/2019 04:49:28 (Std) 	[ImageManager] Created image: 'TaharezLook/AltProgressMiddle' (05AAF5C0) of type: BasicImage
21/02/2019 04:49:28 (Std) 	[ImageManager] Created image: 'TaharezLook/AltProgressRight' (05AAF788) of type: BasicImage
21/02/2019 04:49:28 (Std) 	[ImageManager] Created image: 'TaharezLook/AltProgressQuarter' (05AAF950) of type: BasicImage
21/02/2019 04:49:28 (Std) 	[ImageManager] Created image: 'TaharezLook/AltProgressHalf' (05AAFB18) of type: BasicImage
21/02/2019 04:49:28 (Std) 	[ImageManager] Created image: 'TaharezLook/AltProgressLight1' (05AAFCE0) of type: BasicImage
21/02/2019 04:49:28 (Std) 	[ImageManager] Created image: 'TaharezLook/AltProgressLight2' (05AAFEA8) of type: BasicImage
21/02/2019 04:49:28 (Std) 	[ImageManager] Created image: 'TaharezLook/AltProgressLight3' (05AB0070) of type: BasicImage
21/02/2019 04:49:28 (Std) 	[ImageManager] Created image: 'TaharezLook/AltProgressLight4' (05AB0238) of type: BasicImage
21/02/2019 04:49:28 (Std) 	[ImageManager] Created image: 'TaharezLook/AltProgressLight5' (05AB0400) of type: BasicImage
21/02/2019 04:49:28 (Std) 	[ImageManager] Created image: 'TaharezLook/AltProgressLight6' (05AB05C8) of type: BasicImage
21/02/2019 04:49:28 (Std) 	[ImageManager] Created image: 'TaharezLook/AltProgressLight7' (05AB0790) of type: BasicImage
21/02/2019 04:49:28 (Std) 	[ImageManager] Created image: 'TaharezLook/AltProgressLight8' (05AB0958) of type: BasicImage
21/02/2019 04:49:28 (Std) 	[ImageManager] Created image: 'TaharezLook/AltProgressLight9' (05AB0B20) of type: BasicImage
21/02/2019 04:49:28 (Std) 	[ImageManager] Created image: 'TaharezLook/AltProgressLight10' (05AB0CE8) of type: BasicImage
21/02/2019 04:49:28 (Std) 	[ImageManager] Created image: 'TaharezLook/CloseButtonNormal' (05AB0EB0) of type: BasicImage
21/02/2019 04:49:28 (Std) 	[ImageManager] Created image: 'TaharezLook/CloseButtonHover' (05AB1078) of type: BasicImage
21/02/2019 04:49:28 (Std) 	[ImageManager] Created image: 'TaharezLook/CloseButtonPressed' (05AB1240) of type: BasicImage
21/02/2019 04:49:28 (Std) 	[ImageManager] Created image: 'TaharezLook/NewCloseButtonNormal' (05AB1408) of type: BasicImage
21/02/2019 04:49:28 (Std) 	[ImageManager] Created image: 'TaharezLook/NewCloseButtonHover' (05AB15D0) of type: BasicImage
21/02/2019 04:49:28 (Std) 	[ImageManager] Created image: 'TaharezLook/NewCloseButtonPressed' (05AB1858) of type: BasicImage
21/02/2019 04:49:28 (Std) 	[ImageManager] Created image: 'TaharezLook/MultiLineEditboxLeft' (05AB1AC0) of type: BasicImage
21/02/2019 04:49:28 (Std) 	[ImageManager] Created image: 'TaharezLook/MultiLineEditboxRight' (05AB1DF0) of type: BasicImage
21/02/2019 04:49:28 (Std) 	[ImageManager] Created image: 'TaharezLook/MultiLineEditboxTop' (05AB2118) of type: BasicImage
21/02/2019 04:49:28 (Std) 	[ImageManager] Created image: 'TaharezLook/MultiLineEditboxBottom' (05AB2438) of type: BasicImage
21/02/2019 04:49:28 (Std) 	[ImageManager] Created image: 'TaharezLook/MultiLineEditboxTopLeft' (05AB2750) of type: BasicImage
21/02/2019 04:49:28 (Std) 	[ImageManager] Created image: 'TaharezLook/MultiLineEditboxTopRight' (05AB2D18) of type: BasicImage
21/02/2019 04:49:28 (Std) 	[ImageManager] Created image: 'TaharezLook/MultiLineEditboxBottomLeft' (05AB30F0) of type: BasicImage
21/02/2019 04:49:28 (Std) 	[ImageManager] Created image: 'TaharezLook/MultiLineEditboxBottomRight' (05AB2BC0) of type: BasicImage
21/02/2019 04:49:28 (Std) 	[ImageManager] Created image: 'TaharezLook/MultiLineEditboxBackdrop' (05A93B90) of type: BasicImage
21/02/2019 04:49:28 (Std) 	[ImageManager] Created image: 'TaharezLook/MultiLineEditboxSelectionBrush' (05AB3CA8) of type: BasicImage
21/02/2019 04:49:28 (Std) 	[ImageManager] Created image: 'TaharezLook/MouseTarget' (05AB4378) of type: BasicImage
21/02/2019 04:49:28 (Std) 	[ImageManager] Created image: 'TaharezLook/MouseArrow' (05AB39F8) of type: BasicImage
21/02/2019 04:49:28 (Std) 	[ImageManager] Created image: 'TaharezLook/MouseMoveCursor' (05AB4728) of type: BasicImage
21/02/2019 04:49:28 (Std) 	[ImageManager] Created image: 'TaharezLook/MouseNoSoCursor' (05AB4828) of type: BasicImage
21/02/2019 04:49:28 (Std) 	[ImageManager] Created image: 'TaharezLook/MouseEsWeCursor' (05AB49F0) of type: BasicImage
21/02/2019 04:49:28 (Std) 	[ImageManager] Created image: 'TaharezLook/MouseNeSwCursor' (05AB4BB8) of type: BasicImage
21/02/2019 04:49:28 (Std) 	[ImageManager] Created image: 'TaharezLook/MouseNwSeCursor' (05AB4D80) of type: BasicImage
21/02/2019 04:49:28 (Std) 	[ImageManager] Created image: 'TaharezLook/MouseTextBar' (05AB4F48) of type: BasicImage
21/02/2019 04:49:28 (Std) 	[ImageManager] Created image: 'TaharezLook/TabHorizontalFiller' (05AB40C8) of type: BasicImage
21/02/2019 04:49:28 (Std) 	[ImageManager] Created image: 'TaharezLook/TabContentPaneUpperLeft' (05AB4478) of type: BasicImage
21/02/2019 04:49:28 (Std) 	[ImageManager] Created image: 'TaharezLook/TabContentPaneUpper' (05AA37F0) of type: BasicImage
21/02/2019 04:49:28 (Std) 	[ImageManager] Created image: 'TaharezLook/TabContentPaneUpperRight' (05AB51D8) of type: BasicImage
21/02/2019 04:49:28 (Std) 	[ImageManager] Created image: 'TaharezLook/TabContentPaneLeft' (05AB55B0) of type: BasicImage
21/02/2019 04:49:28 (Std) 	[ImageManager] Created image: 'TaharezLook/TabContentPaneRight' (05AB5778) of type: BasicImage
21/02/2019 04:49:28 (Std) 	[ImageManager] Created image: 'TaharezLook/TabContentPaneLower' (05AB5940) of type: BasicImage
21/02/2019 04:49:28 (Std) 	[ImageManager] Created image: 'TaharezLook/TabContentPaneLowerLeft' (05AB5B08) of type: BasicImage
21/02/2019 04:49:28 (Std) 	[ImageManager] Created image: 'TaharezLook/TabContentPaneLowerRight' (05AB5CD0) of type: BasicImage
21/02/2019 04:49:28 (Std) 	[ImageManager] Created image: 'TaharezLook/TabContentPaneMiddle' (05AB60A8) of type: BasicImage
21/02/2019 04:49:28 (Std) 	[ImageManager] Created image: 'TaharezLook/TabButtonScrollLeftNormal' (05AA6588) of type: BasicImage
21/02/2019 04:49:28 (Std) 	[ImageManager] Created image: 'TaharezLook/TabButtonScrollRightNormal' (05AB6328) of type: BasicImage
21/02/2019 04:49:28 (Std) 	[ImageManager] Created image: 'TaharezLook/TabButtonScrollLeftHover' (05AB6748) of type: BasicImage
21/02/2019 04:49:28 (Std) 	[ImageManager] Created image: 'TaharezLook/TabButtonScrollRightHover' (05AB6D08) of type: BasicImage
21/02/2019 04:49:28 (Std) 	[ImageManager] Created image: 'TaharezLook/TabButtonLeftNormal' (05AB7030) of type: BasicImage
21/02/2019 04:49:28 (Std) 	[ImageManager] Created image: 'TaharezLook/TabButtonRightNormal' (05AB71F8) of type: BasicImage
21/02/2019 04:49:28 (Std) 	[ImageManager] Created image: 'TaharezLook/TabButtonUpperNormal' (05AB73C0) of type: BasicImage
21/02/2019 04:49:28 (Std) 	[ImageManager] Created image: 'TaharezLook/TabButtonLowerNormal' (05AB76C8) of type: BasicImage
21/02/2019 04:49:28 (Std) 	[ImageManager] Created image: 'TaharezLook/TabButtonUpperLeftNormal' (05AB79F0) of type: BasicImage
21/02/2019 04:49:28 (Std) 	[ImageManager] Created image: 'TaharezLook/TabButtonUpperLeft2Normal' (05AB7E88) of type: BasicImage
21/02/2019 04:49:28 (Std) 	[ImageManager] Created image: 'TaharezLook/TabButtonUpperRightNormal' (05AB81B0) of type: BasicImage
21/02/2019 04:49:28 (Std) 	[ImageManager] Created image: 'TaharezLook/TabButtonLowerLeftNormal' (05AB84D8) of type: BasicImage
21/02/2019 04:49:28 (Std) 	[ImageManager] Created image: 'TaharezLook/TabButtonLowerRightNormal' (05AB8800) of type: BasicImage
21/02/2019 04:49:28 (Std) 	[ImageManager] Created image: 'TaharezLook/TabButtonLowerRight2Normal' (05AB8DD8) of type: BasicImage
21/02/2019 04:49:28 (Std) 	[ImageManager] Created image: 'TaharezLook/TabButtonMiddleNormal' (05AB8C80) of type: BasicImage
21/02/2019 04:49:28 (Std) 	[ImageManager] Created image: 'TaharezLook/TabButtonLeftSelected' (05AB91D8) of type: BasicImage
21/02/2019 04:49:28 (Std) 	[ImageManager] Created image: 'TaharezLook/TabButtonRightSelected' (05AB94F8) of type: BasicImage
21/02/2019 04:49:28 (Std) 	[ImageManager] Created image: 'TaharezLook/TabButtonUpperSelected' (05AB9810) of type: BasicImage
21/02/2019 04:49:28 (Std) 	[ImageManager] Created image: 'TaharezLook/TabButtonLowerSelected' (05AB9B28) of type: BasicImage
21/02/2019 04:49:28 (Std) 	[ImageManager] Created image: 'TaharezLook/TabButtonUpperLeftSelected' (05ABA0F0) of type: BasicImage
21/02/2019 04:49:28 (Std) 	[ImageManager] Created image: 'TaharezLook/TabButtonUpperRightSelected' (05AB9F98) of type: BasicImage
21/02/2019 04:49:28 (Std) 	[ImageManager] Created image: 'TaharezLook/TabButtonLowerLeftSelected' (05AA4A28) of type: BasicImage
21/02/2019 04:49:28 (Std) 	[ImageManager] Created image: 'TaharezLook/TabButtonLowerRightSelected' (05ABAAC0) of type: BasicImage
21/02/2019 04:49:28 (Std) 	[ImageManager] Created image: 'TaharezLook/TabButtonMiddleSelected' (05ABADF8) of type: BasicImage
21/02/2019 04:49:28 (Std) 	[ImageManager] Created image: 'TaharezLook/TooltipTopLeft' (05ABAFC0) of type: BasicImage
21/02/2019 04:49:28 (Std) 	[ImageManager] Created image: 'TaharezLook/TooltipTopRight' (05ABB188) of type: BasicImage
21/02/2019 04:49:28 (Std) 	[ImageManager] Created image: 'TaharezLook/TooltipBottomLeft' (05ABB350) of type: BasicImage
21/02/2019 04:49:28 (Std) 	[ImageManager] Created image: 'TaharezLook/TooltipBottomRight' (05ABB518) of type: BasicImage
21/02/2019 04:49:28 (Std) 	[ImageManager] Created image: 'TaharezLook/TooltipLeftEdge' (05ABB6E0) of type: BasicImage
21/02/2019 04:49:28 (Std) 	[ImageManager] Created image: 'TaharezLook/TooltipRightEdge' (05ABB8A8) of type: BasicImage
21/02/2019 04:49:28 (Std) 	[ImageManager] Created image: 'TaharezLook/TooltipTopEdge' (05ABBA70) of type: BasicImage
21/02/2019 04:49:28 (Std) 	[ImageManager] Created image: 'TaharezLook/TooltipBottomEdge' (05ABBC38) of type: BasicImage
21/02/2019 04:49:28 (Std) 	[ImageManager] Created image: 'TaharezLook/TooltipMiddle' (05ABBE00) of type: BasicImage
21/02/2019 04:49:28 (Std) 	[ImageManager] Created image: 'TaharezLook/MenuTopLeft' (05ABBFC8) of type: BasicImage
21/02/2019 04:49:28 (Std) 	[ImageManager] Created image: 'TaharezLook/MenuTopRight' (05ABC190) of type: BasicImage
21/02/2019 04:49:28 (Std) 	[ImageManager] Created image: 'TaharezLook/MenuBottomLeft' (05ABC358) of type: BasicImage
21/02/2019 04:49:28 (Std) 	[ImageManager] Created image: 'TaharezLook/MenuBottomRight' (05ABC520) of type: BasicImage
21/02/2019 04:49:28 (Std) 	[ImageManager] Created image: 'TaharezLook/MenuLeft' (05ABC6E8) of type: BasicImage
21/02/2019 04:49:28 (Std) 	[ImageManager] Created image: 'TaharezLook/MenuRight' (05ABC8B0) of type: BasicImage
21/02/2019 04:49:28 (Std) 	[ImageManager] Created image: 'TaharezLook/MenuTop' (05ABCA78) of type: BasicImage
21/02/2019 04:49:28 (Std) 	[ImageManager] Created image: 'TaharezLook/MenuBottom' (05ABCC40) of type: BasicImage
21/02/2019 04:49:28 (Std) 	[ImageManager] Created image: 'TaharezLook/MenuMiddle' (05ABCE08) of type: BasicImage
21/02/2019 04:49:28 (Std) 	[ImageManager] Created image: 'TaharezLook/PopupMenuFrameTopLeft' (05ABCFD0) of type: BasicImage
21/02/2019 04:49:28 (Std) 	[ImageManager] Created image: 'TaharezLook/PopupMenuFrameTopRight' (05ABD198) of type: BasicImage
21/02/2019 04:49:28 (Std) 	[ImageManager] Created image: 'TaharezLook/PopupMenuFrameBottomLeft' (05ABD6B0) of type: BasicImage
21/02/2019 04:49:28 (Std) 	[ImageManager] Created image: 'TaharezLook/PopupMenuFrameBottomRight' (05ABD558) of type: BasicImage
21/02/2019 04:49:28 (Std) 	[ImageManager] Created image: 'TaharezLook/PopupMenuFrameLeft' (05ABDD60) of type: BasicImage
21/02/2019 04:49:28 (Std) 	[ImageManager] Created image: 'TaharezLook/PopupMenuFrameRight' (05ABDF28) of type: BasicImage
21/02/2019 04:49:28 (Std) 	[ImageManager] Created image: 'TaharezLook/PopupMenuFrameTop' (05ABE0F0) of type: BasicImage
21/02/2019 04:49:28 (Std) 	[ImageManager] Created image: 'TaharezLook/PopupMenuFrameBottom' (05ABE2B8) of type: BasicImage
21/02/2019 04:49:28 (Std) 	[ImageManager] Created image: 'TaharezLook/PopupMenuMiddle' (05ABE480) of type: BasicImage
21/02/2019 04:49:28 (Std) 	[ImageManager] Created image: 'TaharezLook/PopupMenuArrowRight' (05ABE648) of type: BasicImage
21/02/2019 04:49:28 (Std) 	[ImageManager] Created image: 'TaharezLook/PopupMenuArrowLeft' (05ABE810) of type: BasicImage
21/02/2019 04:49:28 (Std) 	[ImageManager] Created image: 'TaharezLook/TreeListClosed' (05ABE9D8) of type: BasicImage
21/02/2019 04:49:28 (Std) 	[ImageManager] Created image: 'TaharezLook/TreeListOpened' (05ABEBA0) of type: BasicImage
21/02/2019 04:49:29 (Std) 	===== Falagard 'root' element: look and feel parsing begins =====
21/02/2019 04:49:29 (Std) 	===== Look and feel parsing completed =====
21/02/2019 04:49:29 (Std) 	No window renderer factories specified for module 'CEGUICoreWindowRendererSet' - adding all available factories...
21/02/2019 04:49:29 (Std) 	Created WindowRendererFactory for 'Core/Button' WindowRenderers.
21/02/2019 04:49:29 (Std) 	WindowRendererFactory 'Core/Button' added. (074B0540)
21/02/2019 04:49:29 (Std) 	Created WindowRendererFactory for 'Core/Default' WindowRenderers.
21/02/2019 04:49:29 (Std) 	WindowRendererFactory 'Core/Default' added. (073B6960)
21/02/2019 04:49:29 (Std) 	Created WindowRendererFactory for 'Core/Editbox' WindowRenderers.
21/02/2019 04:49:29 (Std) 	WindowRendererFactory 'Core/Editbox' added. (073B6AE0)
21/02/2019 04:49:29 (Std) 	Created WindowRendererFactory for 'Core/FrameWindow' WindowRenderers.
21/02/2019 04:49:29 (Std) 	WindowRendererFactory 'Core/FrameWindow' added. (074A4568)
21/02/2019 04:49:29 (Std) 	Created WindowRendererFactory for 'Core/ItemEntry' WindowRenderers.
21/02/2019 04:49:29 (Std) 	WindowRendererFactory 'Core/ItemEntry' added. (074C4CE8)
21/02/2019 04:49:29 (Std) 	Created WindowRendererFactory for 'Core/ListHeader' WindowRenderers.
21/02/2019 04:49:29 (Std) 	WindowRendererFactory 'Core/ListHeader' added. (074C4E68)
21/02/2019 04:49:29 (Std) 	Created WindowRendererFactory for 'Core/ListHeaderSegment' WindowRenderers.
21/02/2019 04:49:29 (Std) 	WindowRendererFactory 'Core/ListHeaderSegment' added. (074399C0)
21/02/2019 04:49:29 (Std) 	Created WindowRendererFactory for 'Core/Listbox' WindowRenderers.
21/02/2019 04:49:29 (Std) 	WindowRendererFactory 'Core/Listbox' added. (07492F00)
21/02/2019 04:49:29 (Std) 	Created WindowRendererFactory for 'Core/Menubar' WindowRenderers.
21/02/2019 04:49:29 (Std) 	WindowRendererFactory 'Core/Menubar' added. (07493080)
21/02/2019 04:49:29 (Std) 	Created WindowRendererFactory for 'Core/MenuItem' WindowRenderers.
21/02/2019 04:49:29 (Std) 	WindowRendererFactory 'Core/MenuItem' added. (07493200)
21/02/2019 04:49:29 (Std) 	Created WindowRendererFactory for 'Core/MultiColumnList' WindowRenderers.
21/02/2019 04:49:29 (Std) 	WindowRendererFactory 'Core/MultiColumnList' added. (074C5CA8)
21/02/2019 04:49:29 (Std) 	Created WindowRendererFactory for 'Core/MultiLineEditbox' WindowRenderers.
21/02/2019 04:49:29 (Std) 	WindowRendererFactory 'Core/MultiLineEditbox' added. (074C5E28)
21/02/2019 04:49:29 (Std) 	Created WindowRendererFactory for 'Core/PopupMenu' WindowRenderers.
21/02/2019 04:49:29 (Std) 	WindowRendererFactory 'Core/PopupMenu' added. (074BD660)
21/02/2019 04:49:29 (Std) 	Created WindowRendererFactory for 'Core/ProgressBar' WindowRenderers.
21/02/2019 04:49:29 (Std) 	WindowRendererFactory 'Core/ProgressBar' added. (074BD7E0)
21/02/2019 04:49:29 (Std) 	Created WindowRendererFactory for 'Core/ScrollablePane' WindowRenderers.
21/02/2019 04:49:29 (Std) 	WindowRendererFactory 'Core/ScrollablePane' added. (074BD960)
21/02/2019 04:49:29 (Std) 	Created WindowRendererFactory for 'Core/Scrollbar' WindowRenderers.
21/02/2019 04:49:29 (Std) 	WindowRendererFactory 'Core/Scrollbar' added. (074B1FF8)
21/02/2019 04:49:29 (Std) 	Created WindowRendererFactory for 'Core/Slider' WindowRenderers.
21/02/2019 04:49:29 (Std) 	WindowRendererFactory 'Core/Slider' added. (074B2178)
21/02/2019 04:49:29 (Std) 	Created WindowRendererFactory for 'Core/Static' WindowRenderers.
21/02/2019 04:49:29 (Std) 	WindowRendererFactory 'Core/Static' added. (05B7E218)
21/02/2019 04:49:29 (Std) 	Created WindowRendererFactory for 'Core/StaticImage' WindowRenderers.
21/02/2019 04:49:29 (Std) 	WindowRendererFactory 'Core/StaticImage' added. (05B7E398)
21/02/2019 04:49:29 (Std) 	Created WindowRendererFactory for 'Core/StaticText' WindowRenderers.
21/02/2019 04:49:29 (Std) 	WindowRendererFactory 'Core/StaticText' added. (05B7E518)
21/02/2019 04:49:29 (Std) 	Created WindowRendererFactory for 'Core/TabButton' WindowRenderers.
21/02/2019 04:49:29 (Std) 	WindowRendererFactory 'Core/TabButton' added. (074A8050)
21/02/2019 04:49:29 (Std) 	Created WindowRendererFactory for 'Core/TabControl' WindowRenderers.
21/02/2019 04:49:29 (Std) 	WindowRendererFactory 'Core/TabControl' added. (074A81D0)
21/02/2019 04:49:29 (Std) 	Created WindowRendererFactory for 'Core/Titlebar' WindowRenderers.
21/02/2019 04:49:29 (Std) 	WindowRendererFactory 'Core/Titlebar' added. (07491988)
21/02/2019 04:49:29 (Std) 	Created WindowRendererFactory for 'Core/ToggleButton' WindowRenderers.
21/02/2019 04:49:29 (Std) 	WindowRendererFactory 'Core/ToggleButton' added. (07491B08)
21/02/2019 04:49:29 (Std) 	Created WindowRendererFactory for 'Core/Tooltip' WindowRenderers.
21/02/2019 04:49:29 (Std) 	WindowRendererFactory 'Core/Tooltip' added. (07491C88)
21/02/2019 04:49:29 (Std) 	Created WindowRendererFactory for 'Core/ItemListbox' WindowRenderers.
21/02/2019 04:49:29 (Std) 	WindowRendererFactory 'Core/ItemListbox' added. (074AE000)
21/02/2019 04:49:29 (Std) 	Created WindowRendererFactory for 'Core/Tree' WindowRenderers.
21/02/2019 04:49:29 (Std) 	WindowRendererFactory 'Core/Tree' added. (074AE180)
21/02/2019 04:49:29 (Std) 	Creating falagard mapping for type 'TaharezLook/Label' using base type 'DefaultWindow', window renderer 'Core/Default' Look'N'Feel 'TaharezLook/Label' and RenderEffect ''. (0015D074)
21/02/2019 04:49:29 (Std) 	Creating falagard mapping for type 'TaharezLook/Button' using base type 'CEGUI/PushButton', window renderer 'Core/Button' Look'N'Feel 'TaharezLook/Button' and RenderEffect ''. (0015D074)
21/02/2019 04:49:29 (Std) 	Creating falagard mapping for type 'TaharezLook/Checkbox' using base type 'CEGUI/ToggleButton', window renderer 'Core/ToggleButton' Look'N'Feel 'TaharezLook/Checkbox' and RenderEffect ''. (0015D074)
21/02/2019 04:49:29 (Std) 	Creating falagard mapping for type 'TaharezLook/ImageButton' using base type 'CEGUI/PushButton', window renderer 'Core/Button' Look'N'Feel 'TaharezLook/ImageButton' and RenderEffect ''. (0015D074)
21/02/2019 04:49:29 (Std) 	Creating falagard mapping for type 'TaharezLook/RadioButton' using base type 'CEGUI/RadioButton', window renderer 'Core/ToggleButton' Look'N'Feel 'TaharezLook/RadioButton' and RenderEffect ''. (0015D074)
21/02/2019 04:49:29 (Std) 	Creating falagard mapping for type 'TaharezLook/FrameWindow' using base type 'CEGUI/FrameWindow', window renderer 'Core/FrameWindow' Look'N'Feel 'TaharezLook/FrameWindow' and RenderEffect ''. (0015D074)
21/02/2019 04:49:29 (Std) 	Creating falagard mapping for type 'TaharezLook/Titlebar' using base type 'CEGUI/Titlebar', window renderer 'Core/Titlebar' Look'N'Feel 'TaharezLook/Titlebar' and RenderEffect ''. (0015D074)
21/02/2019 04:49:29 (Std) 	Creating falagard mapping for type 'TaharezLook/Editbox' using base type 'CEGUI/Editbox', window renderer 'Core/Editbox' Look'N'Feel 'TaharezLook/Editbox' and RenderEffect ''. (0015D074)
21/02/2019 04:49:29 (Std) 	Creating falagard mapping for type 'TaharezLook/MultiLineEditbox' using base type 'CEGUI/MultiLineEditbox', window renderer 'Core/MultiLineEditbox' Look'N'Feel 'TaharezLook/MultiLineEditbox' and RenderEffect ''. (0015D074)
21/02/2019 04:49:29 (Std) 	Creating falagard mapping for type 'TaharezLook/Menubar' using base type 'CEGUI/Menubar', window renderer 'Core/Menubar' Look'N'Feel 'TaharezLook/Menubar' and RenderEffect ''. (0015D074)
21/02/2019 04:49:29 (Std) 	Creating falagard mapping for type 'TaharezLook/PopupMenu' using base type 'CEGUI/PopupMenu', window renderer 'Core/PopupMenu' Look'N'Feel 'TaharezLook/PopupMenu' and RenderEffect ''. (0015D074)
21/02/2019 04:49:29 (Std) 	Creating falagard mapping for type 'TaharezLook/MenuItem' using base type 'CEGUI/MenuItem', window renderer 'Core/MenuItem' Look'N'Feel 'TaharezLook/MenuItem' and RenderEffect ''. (0015D074)
21/02/2019 04:49:29 (Std) 	Creating falagard mapping for type 'TaharezLook/AlternateProgressBar' using base type 'CEGUI/ProgressBar', window renderer 'Core/ProgressBar' Look'N'Feel 'TaharezLook/AltProgressBar' and RenderEffect ''. (0015D074)
21/02/2019 04:49:29 (Std) 	Creating falagard mapping for type 'TaharezLook/ProgressBar' using base type 'CEGUI/ProgressBar', window renderer 'Core/ProgressBar' Look'N'Feel 'TaharezLook/ProgressBar' and RenderEffect ''. (0015D074)
21/02/2019 04:49:29 (Std) 	Creating falagard mapping for type 'TaharezLook/VUMeter' using base type 'CEGUI/ProgressBar', window renderer 'Core/ProgressBar' Look'N'Feel 'TaharezLook/VUMeter' and RenderEffect ''. (0015D074)
21/02/2019 04:49:29 (Std) 	Creating falagard mapping for type 'TaharezLook/VerticalScrollbar' using base type 'CEGUI/Scrollbar', window renderer 'Core/Scrollbar' Look'N'Feel 'TaharezLook/VerticalScrollbar' and RenderEffect ''. (0015D074)
21/02/2019 04:49:29 (Std) 	Creating falagard mapping for type 'TaharezLook/HorizontalScrollbar' using base type 'CEGUI/Scrollbar', window renderer 'Core/Scrollbar' Look'N'Feel 'TaharezLook/HorizontalScrollbar' and RenderEffect ''. (0015D074)
21/02/2019 04:49:29 (Std) 	Creating falagard mapping for type 'TaharezLook/VerticalScrollbarThumb' using base type 'CEGUI/Thumb', window renderer 'Core/Button' Look'N'Feel 'TaharezLook/VerticalScrollbarThumb' and RenderEffect ''. (0015D074)
21/02/2019 04:49:29 (Std) 	Creating falagard mapping for type 'TaharezLook/HorizontalScrollbarThumb' using base type 'CEGUI/Thumb', window renderer 'Core/Button' Look'N'Feel 'TaharezLook/HorizontalScrollbarThumb' and RenderEffect ''. (0015D074)
21/02/2019 04:49:29 (Std) 	Creating falagard mapping for type 'TaharezLook/LargeVerticalScrollbar' using base type 'CEGUI/Scrollbar', window renderer 'Core/Scrollbar' Look'N'Feel 'TaharezLook/LargeVerticalScrollbar' and RenderEffect ''. (0015D074)
21/02/2019 04:49:29 (Std) 	Creating falagard mapping for type 'TaharezLook/LargeVerticalScrollbarThumb' using base type 'CEGUI/Thumb', window renderer 'Core/Button' Look'N'Feel 'TaharezLook/LargeVerticalScrollbarThumb' and RenderEffect ''. (0015D074)
21/02/2019 04:49:29 (Std) 	Creating falagard mapping for type 'TaharezLook/TabButton' using base type 'CEGUI/TabButton', window renderer 'Core/TabButton' Look'N'Feel 'TaharezLook/TabButton' and RenderEffect ''. (0015D074)
21/02/2019 04:49:29 (Std) 	Creating falagard mapping for type 'TaharezLook/TabControl' using base type 'CEGUI/TabControl', window renderer 'Core/TabControl' Look'N'Feel 'TaharezLook/TabControl' and RenderEffect ''. (0015D074)
21/02/2019 04:49:29 (Std) 	Creating falagard mapping for type 'TaharezLook/TabContentPane' using base type 'DefaultWindow', window renderer 'Core/Default' Look'N'Feel 'TaharezLook/TabContentPane' and RenderEffect ''. (0015D074)
21/02/2019 04:49:29 (Std) 	Creating falagard mapping for type 'TaharezLook/TabButtonPane' using base type 'DefaultWindow', window renderer 'Core/Default' Look'N'Feel 'TaharezLook/TabButtonPane' and RenderEffect ''. (0015D074)
21/02/2019 04:49:29 (Std) 	Creating falagard mapping for type 'TaharezLook/ComboDropList' using base type 'CEGUI/ComboDropList', window renderer 'Core/Listbox' Look'N'Feel 'TaharezLook/ComboDropList' and RenderEffect ''. (0015D074)
21/02/2019 04:49:29 (Std) 	Creating falagard mapping for type 'TaharezLook/ComboEditbox' using base type 'CEGUI/Editbox', window renderer 'Core/Editbox' Look'N'Feel 'TaharezLook/ComboEditbox' and RenderEffect ''. (0015D074)
21/02/2019 04:49:29 (Std) 	Creating falagard mapping for type 'TaharezLook/Combobox' using base type 'CEGUI/Combobox', window renderer 'Core/Default' Look'N'Feel 'TaharezLook/Combobox' and RenderEffect ''. (0015D074)
21/02/2019 04:49:29 (Std) 	Creating falagard mapping for type 'TaharezLook/Listbox' using base type 'CEGUI/Listbox', window renderer 'Core/Listbox' Look'N'Feel 'TaharezLook/Listbox' and RenderEffect ''. (0015D074)
21/02/2019 04:49:29 (Std) 	Creating falagard mapping for type 'TaharezLook/ListHeader' using base type 'CEGUI/ListHeader', window renderer 'Core/ListHeader' Look'N'Feel 'TaharezLook/ListHeader' and RenderEffect ''. (0015D074)
21/02/2019 04:49:29 (Std) 	Creating falagard mapping for type 'TaharezLook/ListHeaderSegment' using base type 'CEGUI/ListHeaderSegment', window renderer 'Core/ListHeaderSegment' Look'N'Feel 'TaharezLook/ListHeaderSegment' and RenderEffect ''. (0015D074)
21/02/2019 04:49:29 (Std) 	Creating falagard mapping for type 'TaharezLook/MultiColumnList' using base type 'CEGUI/MultiColumnList', window renderer 'Core/MultiColumnList' Look'N'Feel 'TaharezLook/MultiColumnList' and RenderEffect ''. (0015D074)
21/02/2019 04:49:29 (Std) 	Creating falagard mapping for type 'TaharezLook/Slider' using base type 'CEGUI/Slider', window renderer 'Core/Slider' Look'N'Feel 'TaharezLook/Slider' and RenderEffect ''. (0015D074)
21/02/2019 04:49:29 (Std) 	Creating falagard mapping for type 'TaharezLook/SliderThumb' using base type 'CEGUI/Thumb', window renderer 'Core/Button' Look'N'Feel 'TaharezLook/SliderThumb' and RenderEffect ''. (0015D074)
21/02/2019 04:49:29 (Std) 	Creating falagard mapping for type 'TaharezLook/ScrollablePane' using base type 'CEGUI/ScrollablePane', window renderer 'Core/ScrollablePane' Look'N'Feel 'TaharezLook/ScrollablePane' and RenderEffect ''. (0015D074)
21/02/2019 04:49:29 (Std) 	Creating falagard mapping for type 'TaharezLook/Spinner' using base type 'CEGUI/Spinner', window renderer 'Core/Default' Look'N'Feel 'TaharezLook/Spinner' and RenderEffect ''. (0015D074)
21/02/2019 04:49:29 (Std) 	Creating falagard mapping for type 'TaharezLook/Tooltip' using base type 'CEGUI/Tooltip', window renderer 'Core/Tooltip' Look'N'Feel 'TaharezLook/Tooltip' and RenderEffect ''. (0015D074)
21/02/2019 04:49:29 (Std) 	Creating falagard mapping for type 'TaharezLook/StaticImage' using base type 'DefaultWindow', window renderer 'Core/StaticImage' Look'N'Feel 'TaharezLook/StaticImage' and RenderEffect ''. (0015D074)
21/02/2019 04:49:29 (Std) 	Creating falagard mapping for type 'TaharezLook/StaticText' using base type 'DefaultWindow', window renderer 'Core/StaticText' Look'N'Feel 'TaharezLook/StaticText' and RenderEffect ''. (0015D074)
21/02/2019 04:49:29 (Std) 	Creating falagard mapping for type 'TaharezLook/ItemListbox' using base type 'CEGUI/ItemListbox', window renderer 'Core/ItemListbox' Look'N'Feel 'TaharezLook/ItemListbox' and RenderEffect ''. (0015D074)
21/02/2019 04:49:29 (Std) 	Creating falagard mapping for type 'TaharezLook/ListboxItem' using base type 'CEGUI/ItemEntry', window renderer 'Core/ItemEntry' Look'N'Feel 'TaharezLook/ListboxItem' and RenderEffect ''. (0015D074)
21/02/2019 04:49:29 (Std) 	Creating falagard mapping for type 'TaharezLook/GroupBox' using base type 'DefaultWindow', window renderer 'Core/Default' Look'N'Feel 'TaharezLook/GroupBox' and RenderEffect ''. (0015D074)
21/02/2019 04:49:29 (Std) 	Creating falagard mapping for type 'TaharezLook/Tree' using base type 'CEGUI/Tree', window renderer 'Core/Tree' Look'N'Feel 'TaharezLook/Tree' and RenderEffect ''. (0015D074)
21/02/2019 04:49:31 (Std) 	---- Successfully completed loading of GUI layout from 'NS_mainMenu.layout' ----
21/02/2019 04:49:32 (Std) 	[OpenGLRenderer] Created texture: Jura-10_auto_glyph_images_32
21/02/2019 04:49:38 (Std) 	---- Successfully completed loading of GUI layout from 'NS_config.layout' ----
