  AudioEngine.cpp
  Camera2D.cpp
  DebugRenderer.cpp
  EventHandler.cpp
  FontCache.cpp
  FontParticleBatch2D.cpp
  GameWindow.cpp
  GLSLProgram.cpp
  Gui.cpp
  IGuiWindow.cpp
  ImageLoader.cpp
  IMainGame.cpp
  IOManager.cpp
  IParticleBatch2D.cpp
  lodepng.cpp
  Logger.cpp
  Particle2DEngine.cpp
  ParticleBatch2D.cpp
  ResourceManager.cpp
  ScreenManager.cpp
  Compiling...
  FPSLimiter.cpp
  Sprite.cpp
  SpriteBatch.cpp
  SpriteFont.cpp
  TextureCache.cpp
  NS2.vcxproj -> D:\GITHUB\ZombiesGame\src\Release\NS2.lib
