c:\users\fabrice\desktop\c++\ns2\release\vc120.pdb
c:\users\fabrice\desktop\c++\ns2\release\spritefont.obj
c:\users\fabrice\desktop\c++\ns2\release\spritebatch.obj
c:\users\fabrice\desktop\c++\ns2\release\sprite.obj
c:\users\fabrice\desktop\c++\ns2\release\fpslimiter.obj
c:\users\fabrice\desktop\c++\ns2\release\screenmanager.obj
c:\users\fabrice\desktop\c++\ns2\release\resourcemanager.obj
c:\users\fabrice\desktop\c++\ns2\release\picopng.obj
c:\users\fabrice\desktop\c++\ns2\release\particlebatch2d.obj
c:\users\fabrice\desktop\c++\ns2\release\particle2dengine.obj
c:\users\fabrice\desktop\c++\ns2\release\logger.obj
c:\users\fabrice\desktop\c++\ns2\release\iomanager.obj
c:\users\fabrice\desktop\c++\ns2\release\imageloader.obj
c:\users\fabrice\desktop\c++\ns2\release\gui.obj
c:\users\fabrice\desktop\c++\ns2\release\glslprogram.obj
c:\users\fabrice\desktop\c++\ns2\release\gamewindow.obj
c:\users\fabrice\desktop\c++\ns2\release\eventhandler.obj
c:\users\fabrice\desktop\c++\ns2\release\debugrenderer.obj
c:\users\fabrice\desktop\c++\ns2\release\camera2d.obj
c:\users\fabrice\desktop\c++\ns2\release\audioengine.obj
c:\users\fabrice\desktop\c++\ns2\release\texturecache.obj
c:\users\fabrice\desktop\c++\ns2\release\ns2.tlog\cl.command.1.tlog
c:\users\fabrice\desktop\c++\ns2\release\ns2.tlog\cl.read.1.tlog
c:\users\fabrice\desktop\c++\ns2\release\ns2.tlog\cl.write.1.tlog
